Drill report for testnoibec_pan.kicad_pcb
Created on Sat 02 Apr 2022 01:40:33 PM CEST

Copper Layer Stackup:
    =============================================================
    L1 :  Top Layer                 front
    L2 :  Bottom Layer              back


Drill file 'testnoibec_pan-PTH.drl' contains
    plated through holes:
    =============================================================
    T1  0,300mm  0,0118"  (999 holes)
    T2  0,914mm  0,0360"  (117 holes)
    T3  1,100mm  0,0433"  (24 holes)
    T4  2,000mm  0,0787"  (15 holes)
    T5  2,000mm  0,0787"  (15 holes)

    Total plated holes count 1170


Drill file 'testnoibec_pan-NPTH.drl' contains
    unplated through holes:
    =============================================================
    T1  0,500mm  0,0197"  (280 holes)
    T2  4,000mm  0,1575"  (2 holes)

    Total unplated holes count 282
